::1 - - [14/Nov/2025 14:52:03] "GET / HTTP/1.1" 200 -
::1 - - [14/Nov/2025 14:52:03] "GET /styles.css HTTP/1.1" 200 -
::1 - - [14/Nov/2025 14:52:04] "GET /script.js HTTP/1.1" 200 -
::1 - - [14/Nov/2025 15:03:31] "GET / HTTP/1.1" 304 -
::1 - - [14/Nov/2025 15:03:31] "GET /styles.css HTTP/1.1" 200 -
::1 - - [14/Nov/2025 15:03:32] "GET /script.js HTTP/1.1" 200 -
::1 - - [14/Nov/2025 15:04:45] "GET / HTTP/1.1" 304 -
::1 - - [14/Nov/2025 15:04:45] "GET /styles.css HTTP/1.1" 304 -
::1 - - [14/Nov/2025 15:04:45] code 404, message File not found
::1 - - [14/Nov/2025 15:04:45] "GET /script.js HTTP/1.1" 304 -
::1 - - [14/Nov/2025 15:04:45] "GET /favicon.ico HTTP/1.1" 404 -
::1 - - [14/Nov/2025 15:04:47] "GET / HTTP/1.1" 200 -
::1 - - [14/Nov/2025 15:04:47] "GET /styles.css HTTP/1.1" 200 -
::1 - - [14/Nov/2025 15:04:47] code 404, message File not found
::1 - - [14/Nov/2025 15:04:47] "GET /favicon.ico HTTP/1.1" 404 -
::1 - - [14/Nov/2025 15:04:47] "GET /script.js HTTP/1.1" 200 -
::1 - - [14/Nov/2025 15:31:10] "GET / HTTP/1.1" 304 -
::1 - - [14/Nov/2025 15:31:10] "GET /styles.css HTTP/1.1" 304 -
::1 - - [14/Nov/2025 15:31:11] code 404, message File not found
::1 - - [14/Nov/2025 15:31:11] "GET /script.js HTTP/1.1" 304 -
::1 - - [14/Nov/2025 15:31:11] "GET /favicon.ico HTTP/1.1" 404 -
::1 - - [14/Nov/2025 15:38:57] "GET / HTTP/1.1" 304 -
::1 - - [14/Nov/2025 15:38:57] "GET /styles.css HTTP/1.1" 200 -
::1 - - [14/Nov/2025 15:38:57] "GET /script.js HTTP/1.1" 200 -
::1 - - [14/Nov/2025 15:40:17] "GET /styles.css HTTP/1.1" 304 -
::1 - - [14/Nov/2025 15:40:17] "GET /script.js HTTP/1.1" 304 -
::ffff:127.0.0.1 - - [14/Nov/2025 15:42:06] "GET / HTTP/1.1" 200 -
::1 - - [15/Nov/2025 07:44:28] "GET / HTTP/1.1" 304 -
::1 - - [15/Nov/2025 07:44:28] "GET /styles.css HTTP/1.1" 304 -
::1 - - [15/Nov/2025 07:44:29] "GET /script.js HTTP/1.1" 304 -
::1 - - [15/Nov/2025 07:44:29] code 404, message File not found
::1 - - [15/Nov/2025 07:44:29] "GET /favicon.ico HTTP/1.1" 404 -
::1 - - [15/Nov/2025 07:45:14] "GET / HTTP/1.1" 200 -
::1 - - [15/Nov/2025 07:45:14] "GET /styles.css HTTP/1.1" 200 -
::1 - - [15/Nov/2025 07:45:15] "GET /script.js HTTP/1.1" 200 -
::1 - - [15/Nov/2025 07:45:15] code 404, message File not found
::1 - - [15/Nov/2025 07:45:15] "GET /favicon.ico HTTP/1.1" 404 -
::1 - - [15/Nov/2025 07:58:12] "GET / HTTP/1.1" 304 -
::1 - - [15/Nov/2025 07:58:12] code 404, message File not found
::1 - - [15/Nov/2025 07:58:12] "GET /favicon.ico HTTP/1.1" 404 -
::1 - - [15/Nov/2025 07:58:14] "GET / HTTP/1.1" 200 -
::1 - - [15/Nov/2025 07:58:14] "GET /styles.css HTTP/1.1" 200 -
::1 - - [15/Nov/2025 07:58:14] "GET /script.js HTTP/1.1" 200 -
::1 - - [15/Nov/2025 07:58:14] code 404, message File not found
::1 - - [15/Nov/2025 07:58:14] "GET /favicon.ico HTTP/1.1" 404 -
::1 - - [15/Nov/2025 08:22:00] "GET / HTTP/1.1" 304 -
::1 - - [15/Nov/2025 08:22:00] "GET /styles.css HTTP/1.1" 200 -
::1 - - [15/Nov/2025 08:22:01] "GET /script.js HTTP/1.1" 200 -
::1 - - [15/Nov/2025 08:22:14] "GET / HTTP/1.1" 200 -
::1 - - [15/Nov/2025 08:22:14] "GET /styles.css HTTP/1.1" 200 -
::1 - - [15/Nov/2025 08:22:14] "GET /script.js HTTP/1.1" 200 -
::1 - - [15/Nov/2025 08:22:14] code 404, message File not found
::1 - - [15/Nov/2025 08:22:14] "GET /favicon.ico HTTP/1.1" 404 -
::1 - - [15/Nov/2025 08:22:15] "GET / HTTP/1.1" 200 -
::1 - - [15/Nov/2025 08:22:15] "GET /styles.css HTTP/1.1" 200 -
::1 - - [15/Nov/2025 08:22:16] code 404, message File not found
::1 - - [15/Nov/2025 08:22:16] "GET /favicon.ico HTTP/1.1" 404 -
::1 - - [15/Nov/2025 08:22:16] "GET /script.js HTTP/1.1" 200 -
::1 - - [15/Nov/2025 08:22:17] "GET / HTTP/1.1" 304 -
::1 - - [15/Nov/2025 08:23:20] "GET / HTTP/1.1" 200 -
::1 - - [15/Nov/2025 08:23:20] "GET /styles.css HTTP/1.1" 200 -
::1 - - [15/Nov/2025 08:23:20] "GET /script.js HTTP/1.1" 200 -
::1 - - [15/Nov/2025 08:23:20] code 404, message File not found
::1 - - [15/Nov/2025 08:23:20] "GET /favicon.ico HTTP/1.1" 404 -
::1 - - [15/Nov/2025 08:31:41] "GET / HTTP/1.1" 304 -
::1 - - [15/Nov/2025 08:31:41] "GET /styles.css HTTP/1.1" 200 -
::1 - - [15/Nov/2025 08:31:42] "GET /script.js HTTP/1.1" 200 -
::1 - - [15/Nov/2025 08:31:42] code 404, message File not found
::1 - - [15/Nov/2025 08:31:42] "GET /favicon.ico HTTP/1.1" 404 -
::1 - - [15/Nov/2025 08:31:43] "GET / HTTP/1.1" 200 -
::1 - - [15/Nov/2025 08:31:43] "GET /styles.css HTTP/1.1" 200 -
::1 - - [15/Nov/2025 08:31:43] code 404, message File not found
::1 - - [15/Nov/2025 08:31:43] "GET /favicon.ico HTTP/1.1" 404 -
::1 - - [15/Nov/2025 08:31:43] "GET /script.js HTTP/1.1" 200 -
::1 - - [15/Nov/2025 08:35:46] "GET / HTTP/1.1" 304 -
::1 - - [15/Nov/2025 08:35:46] "GET /styles.css HTTP/1.1" 200 -
::1 - - [15/Nov/2025 08:35:47] "GET /script.js HTTP/1.1" 200 -
::1 - - [15/Nov/2025 08:35:54] "GET / HTTP/1.1" 200 -
::1 - - [15/Nov/2025 08:35:54] "GET /styles.css HTTP/1.1" 200 -
::1 - - [15/Nov/2025 08:35:54] code 404, message File not found
::1 - - [15/Nov/2025 08:35:54] "GET /script.js HTTP/1.1" 200 -
::1 - - [15/Nov/2025 08:35:54] "GET /favicon.ico HTTP/1.1" 404 -
::1 - - [15/Nov/2025 08:35:56] "GET / HTTP/1.1" 304 -
::1 - - [15/Nov/2025 08:42:51] "GET / HTTP/1.1" 304 -
::1 - - [15/Nov/2025 08:42:51] "GET /styles.css HTTP/1.1" 200 -
::1 - - [15/Nov/2025 08:42:52] "GET /script.js HTTP/1.1" 304 -
::1 - - [15/Nov/2025 08:46:09] "GET / HTTP/1.1" 304 -
::1 - - [15/Nov/2025 08:46:09] "GET /styles.css HTTP/1.1" 200 -
::1 - - [15/Nov/2025 08:46:09] code 404, message File not found
::1 - - [15/Nov/2025 08:46:09] "GET /favicon.ico HTTP/1.1" 404 -
::1 - - [15/Nov/2025 08:46:09] "GET /script.js HTTP/1.1" 304 -
::1 - - [15/Nov/2025 08:46:15] "GET / HTTP/1.1" 200 -
::1 - - [15/Nov/2025 08:46:15] "GET /styles.css HTTP/1.1" 200 -
::1 - - [15/Nov/2025 08:46:15] "GET /script.js HTTP/1.1" 200 -
::1 - - [15/Nov/2025 08:46:15] code 404, message File not found
::1 - - [15/Nov/2025 08:46:15] "GET /favicon.ico HTTP/1.1" 404 -
::1 - - [15/Nov/2025 08:57:01] "GET / HTTP/1.1" 304 -
::1 - - [15/Nov/2025 08:57:01] "GET /styles.css HTTP/1.1" 200 -
::1 - - [15/Nov/2025 08:57:01] "GET /script.js HTTP/1.1" 304 -
::1 - - [15/Nov/2025 09:02:47] "GET / HTTP/1.1" 304 -
::1 - - [15/Nov/2025 09:02:49] "GET / HTTP/1.1" 200 -
::1 - - [15/Nov/2025 09:02:49] "GET /styles.css HTTP/1.1" 200 -
::1 - - [15/Nov/2025 09:02:50] "GET /script.js HTTP/1.1" 200 -
::1 - - [15/Nov/2025 09:02:50] code 404, message File not found
::1 - - [15/Nov/2025 09:02:50] "GET /favicon.ico HTTP/1.1" 404 -
::1 - - [15/Nov/2025 09:02:54] "GET / HTTP/1.1" 200 -
::1 - - [15/Nov/2025 09:02:55] "GET /styles.css HTTP/1.1" 200 -
::1 - - [15/Nov/2025 09:02:55] "GET /script.js HTTP/1.1" 200 -
::1 - - [15/Nov/2025 09:02:55] code 404, message File not found
::1 - - [15/Nov/2025 09:02:55] "GET /favicon.ico HTTP/1.1" 404 -
::1 - - [15/Nov/2025 09:05:14] "GET / HTTP/1.1" 200 -
::1 - - [15/Nov/2025 09:05:14] "GET /styles.css HTTP/1.1" 200 -
::1 - - [15/Nov/2025 09:05:14] code 404, message File not found
::1 - - [15/Nov/2025 09:05:14] "GET /script.js HTTP/1.1" 200 -
::1 - - [15/Nov/2025 09:05:14] "GET /favicon.ico HTTP/1.1" 404 -
::1 - - [15/Nov/2025 09:21:46] "GET / HTTP/1.1" 304 -
::1 - - [15/Nov/2025 09:21:46] "GET /styles.css HTTP/1.1" 200 -
::1 - - [15/Nov/2025 09:21:46] "GET /script.js HTTP/1.1" 304 -
::1 - - [15/Nov/2025 09:37:55] "GET / HTTP/1.1" 304 -
::1 - - [15/Nov/2025 09:37:55] "GET /styles.css HTTP/1.1" 304 -
::1 - - [15/Nov/2025 09:37:56] "GET /script.js HTTP/1.1" 304 -
::1 - - [15/Nov/2025 15:58:35] "GET / HTTP/1.1" 304 -
::1 - - [15/Nov/2025 15:58:35] "GET /styles.css HTTP/1.1" 200 -
::1 - - [15/Nov/2025 15:58:35] code 404, message File not found
::1 - - [15/Nov/2025 15:58:35] "GET /script.js HTTP/1.1" 200 -
::1 - - [15/Nov/2025 15:58:35] "GET /favicon.ico HTTP/1.1" 404 -
::1 - - [15/Nov/2025 15:58:38] "GET / HTTP/1.1" 200 -
::1 - - [15/Nov/2025 15:58:38] "GET /styles.css HTTP/1.1" 200 -
::1 - - [15/Nov/2025 15:58:38] "GET /script.js HTTP/1.1" 200 -
::1 - - [15/Nov/2025 15:58:38] code 404, message File not found
::1 - - [15/Nov/2025 15:58:38] "GET /favicon.ico HTTP/1.1" 404 -
::1 - - [15/Nov/2025 16:02:10] "GET / HTTP/1.1" 304 -
::1 - - [15/Nov/2025 16:02:10] "GET /styles.css HTTP/1.1" 304 -
::1 - - [15/Nov/2025 16:02:11] "GET /script.js HTTP/1.1" 304 -
::1 - - [15/Nov/2025 16:02:14] "GET / HTTP/1.1" 304 -
::1 - - [15/Nov/2025 22:26:49] "GET / HTTP/1.1" 304 -
::1 - - [15/Nov/2025 22:26:49] "GET /styles.css HTTP/1.1" 304 -
::1 - - [15/Nov/2025 22:26:49] "GET /script.js HTTP/1.1" 304 -
::1 - - [15/Nov/2025 22:26:51] "GET / HTTP/1.1" 200 -
::1 - - [15/Nov/2025 22:26:51] "GET /styles.css HTTP/1.1" 200 -
::1 - - [15/Nov/2025 22:26:51] "GET /script.js HTTP/1.1" 200 -
::1 - - [15/Nov/2025 22:26:51] code 404, message File not found
::1 - - [15/Nov/2025 22:26:51] "GET /favicon.ico HTTP/1.1" 404 -
::1 - - [15/Nov/2025 22:27:36] "GET / HTTP/1.1" 200 -
::1 - - [15/Nov/2025 22:27:36] "GET /styles.css HTTP/1.1" 200 -
::1 - - [15/Nov/2025 22:27:36] code 404, message File not found
::1 - - [15/Nov/2025 22:27:36] "GET /script.js HTTP/1.1" 200 -
::1 - - [15/Nov/2025 22:27:36] "GET /favicon.ico HTTP/1.1" 404 -
::1 - - [15/Nov/2025 22:27:50] "GET / HTTP/1.1" 200 -
::1 - - [15/Nov/2025 22:27:50] "GET /styles.css HTTP/1.1" 200 -
::1 - - [15/Nov/2025 22:27:50] "GET /script.js HTTP/1.1" 200 -
::1 - - [15/Nov/2025 22:27:50] code 404, message File not found
::1 - - [15/Nov/2025 22:27:50] "GET /favicon.ico HTTP/1.1" 404 -
::1 - - [15/Nov/2025 23:05:03] "GET / HTTP/1.1" 304 -
::1 - - [15/Nov/2025 23:05:03] code 404, message File not found
::1 - - [15/Nov/2025 23:05:03] "GET /favicon.ico HTTP/1.1" 404 -
::1 - - [15/Nov/2025 23:06:54] "GET / HTTP/1.1" 200 -
::1 - - [15/Nov/2025 23:06:54] "GET /styles.css HTTP/1.1" 200 -
::1 - - [15/Nov/2025 23:06:54] code 404, message File not found
::1 - - [15/Nov/2025 23:06:54] "GET /favicon.ico HTTP/1.1" 404 -
::1 - - [15/Nov/2025 23:06:54] "GET /script.js HTTP/1.1" 200 -
::1 - - [15/Nov/2025 23:07:07] "GET / HTTP/1.1" 200 -
::1 - - [15/Nov/2025 23:07:07] "GET /styles.css HTTP/1.1" 200 -
::1 - - [15/Nov/2025 23:07:08] "GET /script.js HTTP/1.1" 200 -
::1 - - [15/Nov/2025 23:07:08] code 404, message File not found
::1 - - [15/Nov/2025 23:07:08] "GET /favicon.ico HTTP/1.1" 404 -
::1 - - [15/Nov/2025 23:14:55] "GET / HTTP/1.1" 304 -
::1 - - [15/Nov/2025 23:14:55] "GET /styles.css HTTP/1.1" 304 -
::1 - - [16/Nov/2025 15:58:11] "GET / HTTP/1.1" 304 -
::1 - - [16/Nov/2025 15:58:11] "GET /styles.css HTTP/1.1" 304 -
::1 - - [16/Nov/2025 15:58:12] "GET /script.js HTTP/1.1" 304 -
::1 - - [16/Nov/2025 15:58:20] "GET / HTTP/1.1" 200 -
::1 - - [16/Nov/2025 15:58:20] "GET /styles.css HTTP/1.1" 200 -
::1 - - [16/Nov/2025 15:58:20] code 404, message File not found
::1 - - [16/Nov/2025 15:58:20] "GET /script.js HTTP/1.1" 200 -
::1 - - [16/Nov/2025 15:58:20] "GET /favicon.ico HTTP/1.1" 404 -
